{
  "RSpec": {
    "coverage": {
      "/Users/kevinponce/Programming/habit/habit_api_user/spec/controllers/users_controller_spec.rb": [
        null,
        null,
        1,
        1,
        null,
        1,
        1,
        null,
        1,
        6,
        6,
        null,
        2,
        2,
        2,
        2,
        2,
        null,
        null,
        1,
        6,
        6,
        null,
        2,
        2,
        2,
        2,
        2,
        null,
        null
      ],
      "/Users/kevinponce/Programming/habit/habit_api_user/spec/rails_helper.rb": [
        null,
        null,
        null,
        1,
        1,
        null,
        null,
        1,
        null,
        1,
        1,
        null,
        1,
        null,
        2,
        null,
        1,
        1,
        1,
        1,
        1,
        null
      ],
      "/Users/kevinponce/Programming/habit/habit_api_user/config/environment.rb": [
        null,
        null,
        null,
        1,
        null,
        null,
        1
      ],
      "/Users/kevinponce/Programming/habit/habit_api_user/config/application.rb": [
        null,
        null,
        1,
        null,
        1,
        null,
        1,
        1,
        1,
        1,
        1,
        1,
        1,
        null,
        null,
        null,
        null,
        null,
        1,
        null,
        1,
        1,
        null,
        null,
        null,
        null,
        null,
        null,
        null,
        1,
        null,
        null
      ],
      "/Users/kevinponce/Programming/habit/habit_api_user/config/boot.rb": [
        null,
        null,
        1,
        null,
        1
      ],
      "/Users/kevinponce/Programming/habit/habit_api_user/config/environments/test.rb": [
        null,
        null,
        1,
        null,
        null,
        null,
        null,
        null,
        null,
        1,
        null,
        null,
        null,
        null,
        1,
        null,
        null,
        1,
        1,
        null,
        null,
        null,
        null,
        1,
        1,
        null,
        null,
        1,
        null,
        null,
        1,
        1,
        null,
        null,
        null,
        null,
        1,
        null,
        null,
        1,
        null,
        null,
        null,
        null
      ],
      "/Users/kevinponce/Programming/habit/habit_api_user/config/initializers/application_controller_renderer.rb": [
        null,
        null,
        null,
        null,
        null,
        null,
        null,
        null
      ],
      "/Users/kevinponce/Programming/habit/habit_api_user/config/initializers/backtrace_silencers.rb": [
        null,
        null,
        null,
        null,
        null,
        null,
        null,
        null,
        null
      ],
      "/Users/kevinponce/Programming/habit/habit_api_user/config/initializers/cors.rb": [
        null,
        null,
        null,
        null,
        null,
        null,
        null,
        null,
        null,
        null,
        null,
        null,
        null,
        null,
        null,
        null,
        null,
        null
      ],
      "/Users/kevinponce/Programming/habit/habit_api_user/config/initializers/filter_parameter_logging.rb": [
        null,
        null,
        null,
        null,
        null,
        1
      ],
      "/Users/kevinponce/Programming/habit/habit_api_user/config/initializers/inflections.rb": [
        null,
        null,
        null,
        null,
        null,
        null,
        null,
        null,
        null,
        null,
        null,
        null,
        null,
        null,
        null,
        null,
        null,
        null
      ],
      "/Users/kevinponce/Programming/habit/habit_api_user/config/initializers/kp_jwt.rb": [
        null,
        null,
        null,
        1,
        null,
        null,
        null,
        null,
        null,
        null,
        null,
        null,
        null,
        null,
        null,
        null,
        null,
        null,
        null,
        null,
        null,
        null,
        null,
        null,
        null,
        null,
        null,
        null,
        null,
        null,
        null,
        null
      ],
      "/Users/kevinponce/Programming/habit/habit_api_user/config/initializers/mime_types.rb": [
        null,
        null,
        null,
        null,
        null,
        null
      ],
      "/Users/kevinponce/Programming/habit/habit_api_user/config/initializers/new_framework_defaults.rb": [
        null,
        null,
        null,
        null,
        null,
        null,
        null,
        null,
        null,
        null,
        1,
        null,
        null,
        1,
        null,
        null,
        1,
        null,
        null,
        1
      ],
      "/Users/kevinponce/Programming/habit/habit_api_user/config/initializers/wrap_parameters.rb": [
        null,
        null,
        null,
        null,
        null,
        null,
        null,
        null,
        1,
        2,
        null,
        null,
        null,
        null,
        null,
        null
      ],
      "/Users/kevinponce/Programming/habit/habit_api_user/spec/factories/user.rb": [
        null,
        null,
        null,
        1,
        1,
        33,
        1,
        null,
        null
      ],
      "/Users/kevinponce/Programming/habit/habit_api_user/config/routes.rb": [
        null,
        null,
        1,
        1,
        1,
        null
      ],
      "/Users/kevinponce/Programming/habit/habit_api_user/spec/support/generic_support.rb": [
        null,
        null,
        1,
        1,
        8,
        null,
        null,
        1,
        20,
        null,
        null,
        1,
        0,
        null,
        null
      ],
      "/Users/kevinponce/Programming/habit/habit_api_user/app/controllers/users_controller.rb": [
        null,
        null,
        null,
        1,
        1,
        10,
        null,
        10,
        5,
        null,
        5,
        null,
        null,
        null,
        1,
        null,
        1,
        10,
        null,
        null
      ],
      "/Users/kevinponce/Programming/habit/habit_api_user/app/controllers/application_controller.rb": [
        null,
        null,
        1,
        null
      ],
      "/Users/kevinponce/Programming/habit/habit_api_user/spec/models/builders/json/errors_spec.rb": [
        null,
        null,
        1,
        1,
        null,
        1,
        1,
        null,
        1,
        1,
        2,
        null,
        2,
        null,
        null,
        1,
        2,
        null,
        2,
        null,
        null,
        null
      ],
      "/Users/kevinponce/Programming/habit/habit_api_user/spec/models/builders/json/user_spec.rb": [
        null,
        null,
        1,
        1,
        null,
        1,
        1,
        null,
        11,
        null,
        1,
        2,
        2,
        2,
        null,
        2,
        2,
        null,
        null,
        1,
        2,
        2,
        2,
        2,
        2,
        null,
        null
      ],
      "/Users/kevinponce/Programming/habit/habit_api_user/spec/models/user_spec.rb": [
        null,
        null,
        1,
        null,
        1,
        12,
        null,
        2,
        2,
        null,
        2,
        null,
        2,
        2,
        2,
        2,
        null,
        2,
        2,
        2,
        2,
        null
      ],
      "/Users/kevinponce/Programming/habit/habit_api_user/app/models/user.rb": [
        null,
        null,
        null,
        1,
        1,
        null,
        1,
        null,
        1,
        1,
        null
      ],
      "/Users/kevinponce/Programming/habit/habit_api_user/app/models/builders/json/errors.rb": [
        null,
        null,
        1,
        1,
        null,
        1,
        1,
        null,
        1,
        7,
        null,
        null,
        1,
        7,
        7,
        null,
        null,
        null,
        null,
        null
      ],
      "/Users/kevinponce/Programming/habit/habit_api_user/app/models/builders/json/user.rb": [
        null,
        null,
        1,
        1,
        null,
        1,
        1,
        null,
        1,
        15,
        15,
        null,
        null,
        1,
        15,
        15,
        15,
        null,
        15,
        10,
        10,
        null,
        null,
        null,
        null,
        null,
        null
      ]
    },
    "timestamp": 1493036552
  }
}
